<?xml version="1.0" encoding="UTF-8"?>
<testsuite name="com.example.rps.domain.player.PlayerTest" tests="2" skipped="0" failures="0" errors="0" timestamp="2025-01-24T16:53:40" hostname="mhmd" time="0.029">
  <properties/>
  <testcase name="test rock player always returns rock()" classname="com.example.rps.domain.player.PlayerTest" time="0.003"/>
  <testcase name="test random player returns different moves()" classname="com.example.rps.domain.player.PlayerTest" time="0.022"/>
  <system-out><![CDATA[]]></system-out>
  <system-err><![CDATA[]]></system-err>
</testsuite>
