<?xml version="1.0" encoding="UTF-8"?>
<testsuite name="com.example.rps.application.game.GameTest" tests="5" skipped="0" failures="0" errors="0" timestamp="2025-01-25T13:34:02" hostname="mhmd" time="1.48">
  <properties/>
  <testcase name="test game result totals equal rounds played()" classname="com.example.rps.application.game.GameTest" time="1.427"/>
  <testcase name="test rock beats scissors()" classname="com.example.rps.application.game.GameTest" time="0.009"/>
  <testcase name="test scissors beats paper()" classname="com.example.rps.application.game.GameTest" time="0.012"/>
  <testcase name="test paper beats rock()" classname="com.example.rps.application.game.GameTest" time="0.009"/>
  <testcase name="test rock versus rock results in draw()" classname="com.example.rps.application.game.GameTest" time="0.005"/>
  <system-out><![CDATA[]]></system-out>
  <system-err><![CDATA[SLF4J: No SLF4J providers were found.
SLF4J: Defaulting to no-operation (NOP) logger implementation
SLF4J: See https://www.slf4j.org/codes.html#noProviders for further details.
]]></system-err>
</testsuite>
